<?xml version="1.0" encoding="UTF-8"?>
<!-- Generated by org.testng.reporters.JUnitReportReporter -->
<testsuite hostname="SHRAVAN" failures="0" tests="2" name="Extentreports.IntegrationClass" time="23.894" errors="0" timestamp="2023-07-26T15:14:18 IST" skipped="0">
  <testcase classname="Extentreports.IntegrationClass" name="login" time="10.573"/>
  <system-out/>
  <testcase classname="Extentreports.IntegrationClass" name="login" time="13.321"/>
  <system-out/>
</testsuite> <!-- Extentreports.IntegrationClass -->
